2025-09-20 19:48:40,076 - aamati.feature_extraction - DEBUG - debug:87 - Starting extract_features
2025-09-20 19:48:40,077 - aamati.feature_extraction - INFO - info:83 - Starting feature extraction for: MusicGroovesMIDI/TrainingMIDIs/Elvis Presley - Jailhouse Rock.mid
2025-09-20 19:48:40,221 - aamati.feature_extraction - DEBUG - debug:87 - Successfully loaded MIDI file: MusicGroovesMIDI/TrainingMIDIs/Elvis Presley - Jailhouse Rock.mid
2025-09-20 19:48:40,236 - aamati.feature_extraction - ERROR - error:95 - Error processing MusicGroovesMIDI/TrainingMIDIs/Elvis Presley - Jailhouse Rock.mid: The feature names should match those that were passed during fit.
Feature names unseen at fit time:
- onset_entropy
- syncopation
- tempo

2025-09-20 19:48:40,238 - aamati.feature_extraction.performance - INFO - log_performance:114 - {"operation": "extract_features", "duration": 0.16242408752441406, "timestamp": "2025-09-20T19:48:40.238716"}
2025-09-20 19:48:40,240 - aamati.feature_extraction - DEBUG - debug:87 - Completed extract_features in 0.16s
2025-09-20 19:48:40,240 - aamati.feature_extraction - DEBUG - debug:87 - Starting extract_features
2025-09-20 19:48:40,240 - aamati.feature_extraction - INFO - info:83 - Starting feature extraction for: MusicGroovesMIDI/TrainingMIDIs/Eminem - Detroit Vs. Everybody.mid
2025-09-20 19:48:40,262 - aamati.feature_extraction - DEBUG - debug:87 - Successfully loaded MIDI file: MusicGroovesMIDI/TrainingMIDIs/Eminem - Detroit Vs. Everybody.mid
2025-09-20 19:48:40,265 - aamati.feature_extraction - ERROR - error:95 - Error processing MusicGroovesMIDI/TrainingMIDIs/Eminem - Detroit Vs. Everybody.mid: The feature names should match those that were passed during fit.
Feature names unseen at fit time:
- onset_entropy
- syncopation
- tempo

2025-09-20 19:48:40,268 - aamati.feature_extraction.performance - INFO - log_performance:114 - {"operation": "extract_features", "duration": 0.0273439884185791, "timestamp": "2025-09-20T19:48:40.267994"}
2025-09-20 19:48:40,268 - aamati.feature_extraction - DEBUG - debug:87 - Completed extract_features in 0.03s
2025-09-20 19:48:40,268 - aamati.feature_extraction - DEBUG - debug:87 - Starting extract_features
2025-09-20 19:48:40,269 - aamati.feature_extraction - INFO - info:83 - Starting feature extraction for: MusicGroovesMIDI/TrainingMIDIs/Eminem - Guilty Conscience.mid
2025-09-20 19:48:40,355 - aamati.feature_extraction - DEBUG - debug:87 - Successfully loaded MIDI file: MusicGroovesMIDI/TrainingMIDIs/Eminem - Guilty Conscience.mid
2025-09-20 19:48:40,397 - aamati.feature_extraction - ERROR - error:95 - Error processing MusicGroovesMIDI/TrainingMIDIs/Eminem - Guilty Conscience.mid: The feature names should match those that were passed during fit.
Feature names unseen at fit time:
- onset_entropy
- syncopation
- tempo

2025-09-20 19:48:40,399 - aamati.feature_extraction.performance - INFO - log_performance:114 - {"operation": "extract_features", "duration": 0.13022851943969727, "timestamp": "2025-09-20T19:48:40.399092"}
2025-09-20 19:48:40,399 - aamati.feature_extraction - DEBUG - debug:87 - Completed extract_features in 0.13s
2025-09-20 19:48:40,400 - aamati.feature_extraction - DEBUG - debug:87 - Starting extract_features
2025-09-20 19:48:40,400 - aamati.feature_extraction - INFO - info:83 - Starting feature extraction for: MusicGroovesMIDI/TrainingMIDIs/eminem-mockingbird.mid
2025-09-20 19:48:40,536 - aamati.feature_extraction - DEBUG - debug:87 - Successfully loaded MIDI file: MusicGroovesMIDI/TrainingMIDIs/eminem-mockingbird.mid
2025-09-20 19:48:40,541 - aamati.feature_extraction - ERROR - error:95 - Error processing MusicGroovesMIDI/TrainingMIDIs/eminem-mockingbird.mid: The feature names should match those that were passed during fit.
Feature names unseen at fit time:
- onset_entropy
- syncopation
- tempo

2025-09-20 19:48:40,544 - aamati.feature_extraction.performance - INFO - log_performance:114 - {"operation": "extract_features", "duration": 0.14404869079589844, "timestamp": "2025-09-20T19:48:40.544187"}
2025-09-20 19:48:40,544 - aamati.feature_extraction - DEBUG - debug:87 - Completed extract_features in 0.14s
2025-09-20 19:48:40,545 - aamati.feature_extraction - DEBUG - debug:87 - Starting extract_features
2025-09-20 19:48:40,546 - aamati.feature_extraction - INFO - info:83 - Starting feature extraction for: MusicGroovesMIDI/TrainingMIDIs/Endless-Love.mid
2025-09-20 19:48:40,690 - aamati.feature_extraction - DEBUG - debug:87 - Successfully loaded MIDI file: MusicGroovesMIDI/TrainingMIDIs/Endless-Love.mid
2025-09-20 19:48:40,700 - aamati.feature_extraction - ERROR - error:95 - Error processing MusicGroovesMIDI/TrainingMIDIs/Endless-Love.mid: The feature names should match those that were passed during fit.
Feature names unseen at fit time:
- onset_entropy
- syncopation
- tempo

2025-09-20 19:48:40,702 - aamati.feature_extraction.performance - INFO - log_performance:114 - {"operation": "extract_features", "duration": 0.15665507316589355, "timestamp": "2025-09-20T19:48:40.702378"}
2025-09-20 19:48:40,703 - aamati.feature_extraction - DEBUG - debug:87 - Completed extract_features in 0.16s
2025-09-20 19:48:40,703 - aamati.feature_extraction - DEBUG - debug:87 - Starting extract_features
2025-09-20 19:48:40,703 - aamati.feature_extraction - INFO - info:83 - Starting feature extraction for: MusicGroovesMIDI/TrainingMIDIs/ENEMY.MID
2025-09-20 19:48:40,876 - aamati.feature_extraction - DEBUG - debug:87 - Successfully loaded MIDI file: MusicGroovesMIDI/TrainingMIDIs/ENEMY.MID
2025-09-20 19:48:40,893 - aamati.feature_extraction - ERROR - error:95 - Error processing MusicGroovesMIDI/TrainingMIDIs/ENEMY.MID: The feature names should match those that were passed during fit.
Feature names unseen at fit time:
- onset_entropy
- syncopation
- tempo

2025-09-20 19:48:40,896 - aamati.feature_extraction.performance - INFO - log_performance:114 - {"operation": "extract_features", "duration": 0.19272780418395996, "timestamp": "2025-09-20T19:48:40.896214"}
2025-09-20 19:48:40,897 - aamati.feature_extraction - DEBUG - debug:87 - Completed extract_features in 0.19s
2025-09-20 19:48:40,897 - aamati.feature_extraction - DEBUG - debug:87 - Starting extract_features
2025-09-20 19:48:40,898 - aamati.feature_extraction - INFO - info:83 - Starting feature extraction for: MusicGroovesMIDI/TrainingMIDIs/Enjoy-The-Silence.mid
2025-09-20 19:48:41,075 - aamati.feature_extraction - DEBUG - debug:87 - Successfully loaded MIDI file: MusicGroovesMIDI/TrainingMIDIs/Enjoy-The-Silence.mid
2025-09-20 19:48:41,082 - aamati.feature_extraction - ERROR - error:95 - Error processing MusicGroovesMIDI/TrainingMIDIs/Enjoy-The-Silence.mid: The feature names should match those that were passed during fit.
Feature names unseen at fit time:
- onset_entropy
- syncopation
- tempo

2025-09-20 19:48:41,084 - aamati.feature_extraction.performance - INFO - log_performance:114 - {"operation": "extract_features", "duration": 0.1867694854736328, "timestamp": "2025-09-20T19:48:41.084471"}
2025-09-20 19:48:41,085 - aamati.feature_extraction - DEBUG - debug:87 - Completed extract_features in 0.19s
2025-09-20 19:48:41,085 - aamati.feature_extraction - DEBUG - debug:87 - Starting extract_features
2025-09-20 19:48:41,086 - aamati.feature_extraction - INFO - info:83 - Starting feature extraction for: MusicGroovesMIDI/TrainingMIDIs/Ennio-Morricone-Medley-(Westerns).mid
2025-09-20 19:48:41,249 - aamati.feature_extraction - DEBUG - debug:87 - Successfully loaded MIDI file: MusicGroovesMIDI/TrainingMIDIs/Ennio-Morricone-Medley-(Westerns).mid
2025-09-20 19:48:41,256 - aamati.feature_extraction - ERROR - error:95 - Error processing MusicGroovesMIDI/TrainingMIDIs/Ennio-Morricone-Medley-(Westerns).mid: The feature names should match those that were passed during fit.
Feature names unseen at fit time:
- onset_entropy
- syncopation
- tempo

2025-09-20 19:48:41,257 - aamati.feature_extraction.performance - INFO - log_performance:114 - {"operation": "extract_features", "duration": 0.1722242832183838, "timestamp": "2025-09-20T19:48:41.257901"}
2025-09-20 19:48:41,258 - aamati.feature_extraction - DEBUG - debug:87 - Completed extract_features in 0.17s
2025-09-20 19:48:41,259 - aamati.feature_extraction - DEBUG - debug:87 - Starting extract_features
2025-09-20 19:48:41,259 - aamati.feature_extraction - INFO - info:83 - Starting feature extraction for: MusicGroovesMIDI/TrainingMIDIs/entertainer-scott_joplin.mid
2025-09-20 19:48:41,340 - aamati.feature_extraction - DEBUG - debug:87 - Successfully loaded MIDI file: MusicGroovesMIDI/TrainingMIDIs/entertainer-scott_joplin.mid
2025-09-20 19:48:41,346 - aamati.feature_extraction - ERROR - error:95 - Error processing MusicGroovesMIDI/TrainingMIDIs/entertainer-scott_joplin.mid: The feature names should match those that were passed during fit.
Feature names unseen at fit time:
- onset_entropy
- syncopation
- tempo

2025-09-20 19:48:41,348 - aamati.feature_extraction.performance - INFO - log_performance:114 - {"operation": "extract_features", "duration": 0.08937692642211914, "timestamp": "2025-09-20T19:48:41.348395"}
2025-09-20 19:48:41,349 - aamati.feature_extraction - DEBUG - debug:87 - Completed extract_features in 0.09s
2025-09-20 19:48:41,349 - aamati.feature_extraction - DEBUG - debug:87 - Starting extract_features
2025-09-20 19:48:41,350 - aamati.feature_extraction - INFO - info:83 - Starting feature extraction for: MusicGroovesMIDI/TrainingMIDIs/Eric Clapton - Tears In Heaven.mid
2025-09-20 19:48:41,473 - aamati.feature_extraction - DEBUG - debug:87 - Successfully loaded MIDI file: MusicGroovesMIDI/TrainingMIDIs/Eric Clapton - Tears In Heaven.mid
2025-09-20 19:48:41,478 - aamati.feature_extraction - ERROR - error:95 - Error processing MusicGroovesMIDI/TrainingMIDIs/Eric Clapton - Tears In Heaven.mid: The feature names should match those that were passed during fit.
Feature names unseen at fit time:
- onset_entropy
- syncopation
- tempo

2025-09-20 19:48:41,479 - aamati.feature_extraction.performance - INFO - log_performance:114 - {"operation": "extract_features", "duration": 0.1302797794342041, "timestamp": "2025-09-20T19:48:41.479742"}
2025-09-20 19:48:41,480 - aamati.feature_extraction - DEBUG - debug:87 - Completed extract_features in 0.13s
2025-09-20 19:48:41,480 - aamati.feature_extraction - DEBUG - debug:87 - Starting extract_features
2025-09-20 19:48:41,481 - aamati.feature_extraction - INFO - info:83 - Starting feature extraction for: MusicGroovesMIDI/TrainingMIDIs/Eric Clapton - Wonderful Tonight.mid
2025-09-20 19:48:41,619 - aamati.feature_extraction.performance - INFO - log_performance:114 - {"operation": "extract_features", "duration": 0.1387805938720703, "timestamp": "2025-09-20T19:48:41.619723"}
2025-09-20 19:48:41,620 - aamati.feature_extraction - ERROR - error:95 - Error in extract_features: 
2025-09-20 19:49:05,141 - aamati.feature_extraction - DEBUG - debug:87 - Starting extract_features
2025-09-20 19:49:05,141 - aamati.feature_extraction - INFO - info:83 - Starting feature extraction for: MusicGroovesMIDI/TrainingMIDIs/Elvis Presley - Jailhouse Rock.mid
2025-09-20 19:49:05,273 - aamati.feature_extraction - DEBUG - debug:87 - Successfully loaded MIDI file: MusicGroovesMIDI/TrainingMIDIs/Elvis Presley - Jailhouse Rock.mid
2025-09-20 19:49:05,279 - aamati.feature_extraction - ERROR - error:95 - Error processing MusicGroovesMIDI/TrainingMIDIs/Elvis Presley - Jailhouse Rock.mid: The feature names should match those that were passed during fit.
Feature names unseen at fit time:
- onset_entropy
- syncopation
- tempo

2025-09-20 19:49:05,281 - aamati.feature_extraction.performance - INFO - log_performance:114 - {"operation": "extract_features", "duration": 0.14009499549865723, "timestamp": "2025-09-20T19:49:05.281098"}
2025-09-20 19:49:05,281 - aamati.feature_extraction - DEBUG - debug:87 - Completed extract_features in 0.14s
2025-09-20 19:49:05,282 - aamati.feature_extraction - DEBUG - debug:87 - Starting extract_features
2025-09-20 19:49:05,282 - aamati.feature_extraction - INFO - info:83 - Starting feature extraction for: MusicGroovesMIDI/TrainingMIDIs/Eminem - Detroit Vs. Everybody.mid
2025-09-20 19:49:05,308 - aamati.feature_extraction - DEBUG - debug:87 - Successfully loaded MIDI file: MusicGroovesMIDI/TrainingMIDIs/Eminem - Detroit Vs. Everybody.mid
2025-09-20 19:49:05,311 - aamati.feature_extraction - ERROR - error:95 - Error processing MusicGroovesMIDI/TrainingMIDIs/Eminem - Detroit Vs. Everybody.mid: The feature names should match those that were passed during fit.
Feature names unseen at fit time:
- onset_entropy
- syncopation
- tempo

2025-09-20 19:49:05,315 - aamati.feature_extraction.performance - INFO - log_performance:114 - {"operation": "extract_features", "duration": 0.03272867202758789, "timestamp": "2025-09-20T19:49:05.315080"}
2025-09-20 19:49:05,318 - aamati.feature_extraction - DEBUG - debug:87 - Completed extract_features in 0.03s
2025-09-20 19:49:05,319 - aamati.feature_extraction - DEBUG - debug:87 - Starting extract_features
2025-09-20 19:49:05,320 - aamati.feature_extraction - INFO - info:83 - Starting feature extraction for: MusicGroovesMIDI/TrainingMIDIs/Eminem - Guilty Conscience.mid
2025-09-20 19:49:05,410 - aamati.feature_extraction - DEBUG - debug:87 - Successfully loaded MIDI file: MusicGroovesMIDI/TrainingMIDIs/Eminem - Guilty Conscience.mid
2025-09-20 19:49:05,453 - aamati.feature_extraction - ERROR - error:95 - Error processing MusicGroovesMIDI/TrainingMIDIs/Eminem - Guilty Conscience.mid: The feature names should match those that were passed during fit.
Feature names unseen at fit time:
- onset_entropy
- syncopation
- tempo

2025-09-20 19:49:05,454 - aamati.feature_extraction.performance - INFO - log_performance:114 - {"operation": "extract_features", "duration": 0.13483190536499023, "timestamp": "2025-09-20T19:49:05.454597"}
2025-09-20 19:49:05,455 - aamati.feature_extraction - DEBUG - debug:87 - Completed extract_features in 0.13s
2025-09-20 19:49:05,455 - aamati.feature_extraction - DEBUG - debug:87 - Starting extract_features
2025-09-20 19:49:05,456 - aamati.feature_extraction - INFO - info:83 - Starting feature extraction for: MusicGroovesMIDI/TrainingMIDIs/eminem-mockingbird.mid
2025-09-20 19:49:05,548 - aamati.feature_extraction - DEBUG - debug:87 - Successfully loaded MIDI file: MusicGroovesMIDI/TrainingMIDIs/eminem-mockingbird.mid
2025-09-20 19:49:05,553 - aamati.feature_extraction - ERROR - error:95 - Error processing MusicGroovesMIDI/TrainingMIDIs/eminem-mockingbird.mid: The feature names should match those that were passed during fit.
Feature names unseen at fit time:
- onset_entropy
- syncopation
- tempo

2025-09-20 19:49:05,555 - aamati.feature_extraction.performance - INFO - log_performance:114 - {"operation": "extract_features", "duration": 0.09936690330505371, "timestamp": "2025-09-20T19:49:05.555129"}
2025-09-20 19:49:05,555 - aamati.feature_extraction - DEBUG - debug:87 - Completed extract_features in 0.10s
2025-09-20 19:49:05,556 - aamati.feature_extraction - DEBUG - debug:87 - Starting extract_features
2025-09-20 19:49:05,556 - aamati.feature_extraction - INFO - info:83 - Starting feature extraction for: MusicGroovesMIDI/TrainingMIDIs/Endless-Love.mid
2025-09-20 19:49:05,666 - aamati.feature_extraction - DEBUG - debug:87 - Successfully loaded MIDI file: MusicGroovesMIDI/TrainingMIDIs/Endless-Love.mid
2025-09-20 19:49:05,674 - aamati.feature_extraction - ERROR - error:95 - Error processing MusicGroovesMIDI/TrainingMIDIs/Endless-Love.mid: The feature names should match those that were passed during fit.
Feature names unseen at fit time:
- onset_entropy
- syncopation
- tempo

2025-09-20 19:49:05,676 - aamati.feature_extraction.performance - INFO - log_performance:114 - {"operation": "extract_features", "duration": 0.12039875984191895, "timestamp": "2025-09-20T19:49:05.676500"}
2025-09-20 19:49:05,677 - aamati.feature_extraction - DEBUG - debug:87 - Completed extract_features in 0.12s
2025-09-20 19:49:05,677 - aamati.feature_extraction - DEBUG - debug:87 - Starting extract_features
2025-09-20 19:49:05,677 - aamati.feature_extraction - INFO - info:83 - Starting feature extraction for: MusicGroovesMIDI/TrainingMIDIs/ENEMY.MID
2025-09-20 19:49:05,809 - aamati.feature_extraction - DEBUG - debug:87 - Successfully loaded MIDI file: MusicGroovesMIDI/TrainingMIDIs/ENEMY.MID
2025-09-20 19:49:05,815 - aamati.feature_extraction - ERROR - error:95 - Error processing MusicGroovesMIDI/TrainingMIDIs/ENEMY.MID: The feature names should match those that were passed during fit.
Feature names unseen at fit time:
- onset_entropy
- syncopation
- tempo

2025-09-20 19:49:05,818 - aamati.feature_extraction.performance - INFO - log_performance:114 - {"operation": "extract_features", "duration": 0.14028549194335938, "timestamp": "2025-09-20T19:49:05.817926"}
2025-09-20 19:49:05,818 - aamati.feature_extraction - DEBUG - debug:87 - Completed extract_features in 0.14s
2025-09-20 19:49:05,819 - aamati.feature_extraction - DEBUG - debug:87 - Starting extract_features
2025-09-20 19:49:05,819 - aamati.feature_extraction - INFO - info:83 - Starting feature extraction for: MusicGroovesMIDI/TrainingMIDIs/Enjoy-The-Silence.mid
2025-09-20 19:49:05,966 - aamati.feature_extraction - DEBUG - debug:87 - Successfully loaded MIDI file: MusicGroovesMIDI/TrainingMIDIs/Enjoy-The-Silence.mid
2025-09-20 19:49:05,973 - aamati.feature_extraction - ERROR - error:95 - Error processing MusicGroovesMIDI/TrainingMIDIs/Enjoy-The-Silence.mid: The feature names should match those that were passed during fit.
Feature names unseen at fit time:
- onset_entropy
- syncopation
- tempo

2025-09-20 19:49:05,975 - aamati.feature_extraction.performance - INFO - log_performance:114 - {"operation": "extract_features", "duration": 0.1557936668395996, "timestamp": "2025-09-20T19:49:05.974986"}
2025-09-20 19:49:05,975 - aamati.feature_extraction - DEBUG - debug:87 - Completed extract_features in 0.16s
2025-09-20 19:49:05,976 - aamati.feature_extraction - DEBUG - debug:87 - Starting extract_features
2025-09-20 19:49:05,976 - aamati.feature_extraction - INFO - info:83 - Starting feature extraction for: MusicGroovesMIDI/TrainingMIDIs/Ennio-Morricone-Medley-(Westerns).mid
2025-09-20 19:49:05,998 - aamati.feature_extraction.performance - INFO - log_performance:114 - {"operation": "extract_features", "duration": 0.02199244499206543, "timestamp": "2025-09-20T19:49:05.998554"}
2025-09-20 19:49:05,999 - aamati.feature_extraction - ERROR - error:95 - Error in extract_features: 
